<?xml version="1.0" encoding="UTF-8"?>
<!-- Generated by org.testng.reporters.JUnitReportReporter -->
<testsuite hostname="LAPTOP-QMK202VJ" name="TestCases.LoginPageFunctionality" tests="1" failures="0" timestamp="27 Nov 2020 11:56:24 GMT" time="94.283" errors="0">
  <testcase name="LoginPageOne" time="94.283" classname="TestCases.LoginPageFunctionality"/>
</testsuite> <!-- TestCases.LoginPageFunctionality -->
