<?xml version="1.0" encoding="UTF-8"?>
<!-- Generated by org.testng.reporters.JUnitReportReporter -->
<testsuite hostname="LAPTOP-QMK202VJ" name="TestCases.LoginPageFunctionality" tests="1" failures="0" timestamp="13 Dec 2020 09:08:19 GMT" time="93.627" errors="0">
  <testcase name="LoginPageOne" time="93.627" classname="TestCases.LoginPageFunctionality"/>
</testsuite> <!-- TestCases.LoginPageFunctionality -->
